  Camera.cpp
D:\Project\Space Trip\Space Trip\Space Trip\Camera.cpp(4,61): warning C4244: аргумент: преобразование "T" в "T", возможна потеря данных
          with
          [
              T=unsigned int
          ]
          and
          [
              T=float
          ]
D:\Project\Space Trip\Space Trip\Space Trip\Camera.cpp(4,45): warning C4244: аргумент: преобразование "T" в "T", возможна потеря данных
          with
          [
              T=unsigned int
          ]
          and
          [
              T=float
          ]
D:\Project\Space Trip\Space Trip\Space Trip\Camera.cpp(6,64): warning C4244: аргумент: преобразование "T" в "T", возможна потеря данных
          with
          [
              T=unsigned int
          ]
          and
          [
              T=float
          ]
D:\Project\Space Trip\Space Trip\Space Trip\Camera.cpp(6,41): warning C4244: аргумент: преобразование "T" в "T", возможна потеря данных
          with
          [
              T=unsigned int
          ]
          and
          [
              T=float
          ]
  Engine.cpp
D:\Project\Space Trip\Space Trip\Space Trip\Engine.cpp(40,32): warning C4244: аргумент: преобразование "int" в "T", возможна потеря данных
          with
          [
              T=float
          ]
D:\Project\Space Trip\Space Trip\Space Trip\Engine.cpp(40,23): warning C4244: аргумент: преобразование "int" в "T", возможна потеря данных
          with
          [
              T=float
          ]
  GameObject.cpp
  GameObjects.cpp
D:\Project\Space Trip\Space Trip\Space Trip\SpriteObject.cpp(37,25): warning C4244: =: преобразование "double" в "float", возможна потеря данных
D:\Project\Space Trip\Space Trip\Space Trip\TextObject.cpp(33,23): warning C4244: =: преобразование "double" в "float", возможна потеря данных
D:\Project\Space Trip\Space Trip\Space Trip\GameObjects.cpp(84,1): warning C4305: аргумент: усечение из "double" в "float"
D:\Project\Space Trip\Space Trip\Space Trip\GameObjects.cpp(95,43): warning C4244: return: преобразование "double" в "float", возможна потеря данных
D:\Project\Space Trip\Space Trip\Space Trip\GameObjects.cpp(104,1): warning C4305: +=: усечение из "double" в "float"
D:\Project\Space Trip\Space Trip\Space Trip\GameObjects.cpp(121,40): warning C4244: аргумент: преобразование "double" в "T", возможна потеря данных
          with
          [
              T=float
          ]
D:\Project\Space Trip\Space Trip\Space Trip\GameObjects.cpp(129,41): warning C4244: аргумент: преобразование "double" в "T", возможна потеря данных
          with
          [
              T=float
          ]
D:\Project\Space Trip\Space Trip\Space Trip\GameObjects.cpp(129,28): warning C4244: аргумент: преобразование "double" в "T", возможна потеря данных
          with
          [
              T=float
          ]
D:\Project\Space Trip\Space Trip\Space Trip\GameObjects.cpp(176,94): warning C4244: аргумент: преобразование "const int" в "T", возможна потеря данных
          with
          [
              T=float
          ]
D:\Project\Space Trip\Space Trip\Space Trip\GameObjects.cpp(176,66): warning C4244: аргумент: преобразование "const int" в "T", возможна потеря данных
          with
          [
              T=float
          ]
  GameScenes.cpp
D:\Project\Space Trip\Space Trip\Space Trip\SpriteObject.cpp(37,25): warning C4244: =: преобразование "double" в "float", возможна потеря данных
D:\Project\Space Trip\Space Trip\Space Trip\TextObject.cpp(33,23): warning C4244: =: преобразование "double" в "float", возможна потеря данных
D:\Project\Space Trip\Space Trip\Space Trip\GameObjects.cpp(84,1): warning C4305: аргумент: усечение из "double" в "float"
D:\Project\Space Trip\Space Trip\Space Trip\GameObjects.cpp(95,43): warning C4244: return: преобразование "double" в "float", возможна потеря данных
D:\Project\Space Trip\Space Trip\Space Trip\GameObjects.cpp(104,1): warning C4305: +=: усечение из "double" в "float"
D:\Project\Space Trip\Space Trip\Space Trip\GameObjects.cpp(121,40): warning C4244: аргумент: преобразование "double" в "T", возможна потеря данных
          with
          [
              T=float
          ]
D:\Project\Space Trip\Space Trip\Space Trip\GameObjects.cpp(129,41): warning C4244: аргумент: преобразование "double" в "T", возможна потеря данных
          with
          [
              T=float
          ]
D:\Project\Space Trip\Space Trip\Space Trip\GameObjects.cpp(129,28): warning C4244: аргумент: преобразование "double" в "T", возможна потеря данных
          with
          [
              T=float
          ]
D:\Project\Space Trip\Space Trip\Space Trip\GameObjects.cpp(176,94): warning C4244: аргумент: преобразование "const int" в "T", возможна потеря данных
          with
          [
              T=float
          ]
D:\Project\Space Trip\Space Trip\Space Trip\GameObjects.cpp(176,66): warning C4244: аргумент: преобразование "const int" в "T", возможна потеря данных
          with
          [
              T=float
          ]
D:\Project\Space Trip\Space Trip\Space Trip\GameScenes.cpp(65,19): warning C4244: аргумент: преобразование "time_t" в "unsigned int", возможна потеря данных
D:\Project\Space Trip\Space Trip\Space Trip\GameScenes.cpp(66,17): warning C4244: инициализация: преобразование "int" в "float", возможна потеря данных
D:\Project\Space Trip\Space Trip\Space Trip\GameScenes.cpp(67,17): warning C4244: инициализация: преобразование "int" в "float", возможна потеря данных
  Generator.cpp
D:\Project\Space Trip\Space Trip\Space Trip\Generator.cpp(16,12): warning C4244: аргумент: преобразование "time_t" в "unsigned int", возможна потеря данных
  Scene.cpp
  Space Trip.cpp
D:\Project\Space Trip\Space Trip\Space Trip\SpriteObject.cpp(37,25): warning C4244: =: преобразование "double" в "float", возможна потеря данных
D:\Project\Space Trip\Space Trip\Space Trip\TextObject.cpp(33,23): warning C4244: =: преобразование "double" в "float", возможна потеря данных
D:\Project\Space Trip\Space Trip\Space Trip\GameObjects.cpp(84,1): warning C4305: аргумент: усечение из "double" в "float"
D:\Project\Space Trip\Space Trip\Space Trip\GameObjects.cpp(95,43): warning C4244: return: преобразование "double" в "float", возможна потеря данных
D:\Project\Space Trip\Space Trip\Space Trip\GameObjects.cpp(104,1): warning C4305: +=: усечение из "double" в "float"
D:\Project\Space Trip\Space Trip\Space Trip\GameObjects.cpp(121,40): warning C4244: аргумент: преобразование "double" в "T", возможна потеря данных
          with
          [
              T=float
          ]
D:\Project\Space Trip\Space Trip\Space Trip\GameObjects.cpp(129,41): warning C4244: аргумент: преобразование "double" в "T", возможна потеря данных
          with
          [
              T=float
          ]
D:\Project\Space Trip\Space Trip\Space Trip\GameObjects.cpp(129,28): warning C4244: аргумент: преобразование "double" в "T", возможна потеря данных
          with
          [
              T=float
          ]
D:\Project\Space Trip\Space Trip\Space Trip\GameObjects.cpp(176,94): warning C4244: аргумент: преобразование "const int" в "T", возможна потеря данных
          with
          [
              T=float
          ]
D:\Project\Space Trip\Space Trip\Space Trip\GameObjects.cpp(176,66): warning C4244: аргумент: преобразование "const int" в "T", возможна потеря данных
          with
          [
              T=float
          ]
  SpriteObject.cpp
D:\Project\Space Trip\Space Trip\Space Trip\SpriteObject.cpp(37,25): warning C4244: =: преобразование "double" в "float", возможна потеря данных
  TextObject.cpp
D:\Project\Space Trip\Space Trip\Space Trip\TextObject.cpp(33,23): warning C4244: =: преобразование "double" в "float", возможна потеря данных
  Создание кода...
  Space Trip.vcxproj -> D:\Project\Space Trip\Space Trip\x64\Debug\Space Trip.exe
