  Camera.cpp
D:\Project\Space Trip\Space Trip\Space Trip\Camera.cpp(4,61): warning C4244: аргумент: преобразование "T" в "T", возможна потеря данных
          with
          [
              T=unsigned int
          ]
          and
          [
              T=float
          ]
D:\Project\Space Trip\Space Trip\Space Trip\Camera.cpp(4,45): warning C4244: аргумент: преобразование "T" в "T", возможна потеря данных
          with
          [
              T=unsigned int
          ]
          and
          [
              T=float
          ]
D:\Project\Space Trip\Space Trip\Space Trip\Camera.cpp(6,64): warning C4244: аргумент: преобразование "T" в "T", возможна потеря данных
          with
          [
              T=unsigned int
          ]
          and
          [
              T=float
          ]
D:\Project\Space Trip\Space Trip\Space Trip\Camera.cpp(6,41): warning C4244: аргумент: преобразование "T" в "T", возможна потеря данных
          with
          [
              T=unsigned int
          ]
          and
          [
              T=float
          ]
  Engine.cpp
D:\Project\Space Trip\Space Trip\Space Trip\Engine.cpp(40,32): warning C4244: аргумент: преобразование "int" в "T", возможна потеря данных
          with
          [
              T=float
          ]
D:\Project\Space Trip\Space Trip\Space Trip\Engine.cpp(40,23): warning C4244: аргумент: преобразование "int" в "T", возможна потеря данных
          with
          [
              T=float
          ]
  GameObject.cpp
  GameObjects.cpp
D:\Project\Space Trip\Space Trip\Space Trip\SpriteObject.cpp(37,25): warning C4244: =: преобразование "double" в "float", возможна потеря данных
D:\Project\Space Trip\Space Trip\Space Trip\TextObject.cpp(33,23): warning C4244: =: преобразование "double" в "float", возможна потеря данных
D:\Project\Space Trip\Space Trip\Space Trip\GameObjects.cpp(79,1): warning C4305: аргумент: усечение из "double" в "float"
D:\Project\Space Trip\Space Trip\Space Trip\GameObjects.cpp(90,43): warning C4244: return: преобразование "double" в "float", возможна потеря данных
D:\Project\Space Trip\Space Trip\Space Trip\GameObjects.cpp(99,1): warning C4305: +=: усечение из "double" в "float"
D:\Project\Space Trip\Space Trip\Space Trip\GameObjects.cpp(116,40): warning C4244: аргумент: преобразование "double" в "T", возможна потеря данных
          with
          [
              T=float
          ]
D:\Project\Space Trip\Space Trip\Space Trip\GameObjects.cpp(124,41): warning C4244: аргумент: преобразование "double" в "T", возможна потеря данных
          with
          [
              T=float
          ]
D:\Project\Space Trip\Space Trip\Space Trip\GameObjects.cpp(124,28): warning C4244: аргумент: преобразование "double" в "T", возможна потеря данных
          with
          [
              T=float
          ]
D:\Project\Space Trip\Space Trip\Space Trip\GameObjects.cpp(171,94): warning C4244: аргумент: преобразование "const int" в "T", возможна потеря данных
          with
          [
              T=float
          ]
D:\Project\Space Trip\Space Trip\Space Trip\GameObjects.cpp(171,66): warning C4244: аргумент: преобразование "const int" в "T", возможна потеря данных
          with
          [
              T=float
          ]
  GameScenes.cpp
D:\Project\Space Trip\Space Trip\Space Trip\SpriteObject.cpp(37,25): warning C4244: =: преобразование "double" в "float", возможна потеря данных
D:\Project\Space Trip\Space Trip\Space Trip\TextObject.cpp(33,23): warning C4244: =: преобразование "double" в "float", возможна потеря данных
D:\Project\Space Trip\Space Trip\Space Trip\GameObjects.cpp(79,1): warning C4305: аргумент: усечение из "double" в "float"
D:\Project\Space Trip\Space Trip\Space Trip\GameObjects.cpp(90,43): warning C4244: return: преобразование "double" в "float", возможна потеря данных
D:\Project\Space Trip\Space Trip\Space Trip\GameObjects.cpp(99,1): warning C4305: +=: усечение из "double" в "float"
D:\Project\Space Trip\Space Trip\Space Trip\GameObjects.cpp(116,40): warning C4244: аргумент: преобразование "double" в "T", возможна потеря данных
          with
          [
              T=float
          ]
D:\Project\Space Trip\Space Trip\Space Trip\GameObjects.cpp(124,41): warning C4244: аргумент: преобразование "double" в "T", возможна потеря данных
          with
          [
              T=float
          ]
D:\Project\Space Trip\Space Trip\Space Trip\GameObjects.cpp(124,28): warning C4244: аргумент: преобразование "double" в "T", возможна потеря данных
          with
          [
              T=float
          ]
D:\Project\Space Trip\Space Trip\Space Trip\GameObjects.cpp(171,94): warning C4244: аргумент: преобразование "const int" в "T", возможна потеря данных
          with
          [
              T=float
          ]
D:\Project\Space Trip\Space Trip\Space Trip\GameObjects.cpp(171,66): warning C4244: аргумент: преобразование "const int" в "T", возможна потеря данных
          with
          [
              T=float
          ]
D:\Project\Space Trip\Space Trip\Space Trip\GameScenes.cpp(74,19): warning C4244: аргумент: преобразование "time_t" в "unsigned int", возможна потеря данных
D:\Project\Space Trip\Space Trip\Space Trip\GameScenes.cpp(75,17): warning C4244: инициализация: преобразование "int" в "float", возможна потеря данных
D:\Project\Space Trip\Space Trip\Space Trip\GameScenes.cpp(76,17): warning C4244: инициализация: преобразование "int" в "float", возможна потеря данных
  Generator.cpp
D:\Project\Space Trip\Space Trip\Space Trip\Generator.cpp(11,12): warning C4244: аргумент: преобразование "time_t" в "unsigned int", возможна потеря данных
  Scene.cpp
  Space Trip.cpp
D:\Project\Space Trip\Space Trip\Space Trip\SpriteObject.cpp(37,25): warning C4244: =: преобразование "double" в "float", возможна потеря данных
D:\Project\Space Trip\Space Trip\Space Trip\TextObject.cpp(33,23): warning C4244: =: преобразование "double" в "float", возможна потеря данных
D:\Project\Space Trip\Space Trip\Space Trip\GameObjects.cpp(79,1): warning C4305: аргумент: усечение из "double" в "float"
D:\Project\Space Trip\Space Trip\Space Trip\GameObjects.cpp(90,43): warning C4244: return: преобразование "double" в "float", возможна потеря данных
D:\Project\Space Trip\Space Trip\Space Trip\GameObjects.cpp(99,1): warning C4305: +=: усечение из "double" в "float"
D:\Project\Space Trip\Space Trip\Space Trip\GameObjects.cpp(116,40): warning C4244: аргумент: преобразование "double" в "T", возможна потеря данных
          with
          [
              T=float
          ]
D:\Project\Space Trip\Space Trip\Space Trip\GameObjects.cpp(124,41): warning C4244: аргумент: преобразование "double" в "T", возможна потеря данных
          with
          [
              T=float
          ]
D:\Project\Space Trip\Space Trip\Space Trip\GameObjects.cpp(124,28): warning C4244: аргумент: преобразование "double" в "T", возможна потеря данных
          with
          [
              T=float
          ]
D:\Project\Space Trip\Space Trip\Space Trip\GameObjects.cpp(171,94): warning C4244: аргумент: преобразование "const int" в "T", возможна потеря данных
          with
          [
              T=float
          ]
D:\Project\Space Trip\Space Trip\Space Trip\GameObjects.cpp(171,66): warning C4244: аргумент: преобразование "const int" в "T", возможна потеря данных
          with
          [
              T=float
          ]
D:\Project\Space Trip\Space Trip\Space Trip\GameScenes.cpp(74,19): warning C4244: аргумент: преобразование "time_t" в "unsigned int", возможна потеря данных
D:\Project\Space Trip\Space Trip\Space Trip\GameScenes.cpp(75,17): warning C4244: инициализация: преобразование "int" в "float", возможна потеря данных
D:\Project\Space Trip\Space Trip\Space Trip\GameScenes.cpp(76,17): warning C4244: инициализация: преобразование "int" в "float", возможна потеря данных
  SpriteObject.cpp
D:\Project\Space Trip\Space Trip\Space Trip\SpriteObject.cpp(37,25): warning C4244: =: преобразование "double" в "float", возможна потеря данных
  TextObject.cpp
D:\Project\Space Trip\Space Trip\Space Trip\TextObject.cpp(33,23): warning C4244: =: преобразование "double" в "float", возможна потеря данных
  Создание кода
  Создание кода завершено
  191 of 375 functions (50.9%) were compiled, the rest were copied from previous compilation.
    82 functions were new in current compilation
    26 functions had inline decision re-evaluated but remain unchanged
  Space Trip.vcxproj -> D:\Project\Space Trip\Space Trip\x64\Release\Space Trip.exe
