  Engine.cpp
D:\Project\Space Trip\Space Trip\Space Trip\Scene.cpp(18,21): warning C4018: <: несоответствие типов со знаком и без знака
  Game.cpp
  GameObject.cpp
  Menu.cpp
  Scene.cpp
D:\Project\Space Trip\Space Trip\Space Trip\Scene.cpp(18,21): warning C4018: <: несоответствие типов со знаком и без знака
  Space Trip.cpp
D:\Project\Space Trip\Space Trip\Space Trip\Scene.cpp(18,21): warning C4018: <: несоответствие типов со знаком и без знака
  SpriteObject.cpp
D:\Project\Space Trip\Space Trip\Space Trip\SpriteObject.cpp(46,23): warning C4244: =: преобразование "double" в "float", возможна потеря данных
  Создание кода...
Space Trip.obj : error LNK2019: ссылка на неразрешенный внешний символ "__declspec(dllimport) public: int __thiscall sf::Time::asMilliseconds(void)const " (__imp_?asMilliseconds@Time@sf@@QBEHXZ) в функции "public: void __thiscall Engine::Run(void)" (?Run@Engine@@QAEXXZ)
Space Trip.obj : error LNK2019: ссылка на неразрешенный внешний символ "__declspec(dllimport) public: class sf::Time __thiscall sf::Clock::getElapsedTime(void)const " (__imp_?getElapsedTime@Clock@sf@@QBE?AVTime@2@XZ) в функции "public: void __thiscall Engine::Run(void)" (?Run@Engine@@QAEXXZ)
Space Trip.obj : error LNK2019: ссылка на неразрешенный внешний символ "__declspec(dllimport) public: class sf::Time __thiscall sf::Clock::restart(void)" (__imp_?restart@Clock@sf@@QAE?AVTime@2@XZ) в функции "public: void __thiscall Engine::Run(void)" (?Run@Engine@@QAEXXZ)
Space Trip.obj : error LNK2019: ссылка на неразрешенный внешний символ "__declspec(dllimport) public: __thiscall sf::String::String(class std::basic_string<char,struct std::char_traits<char>,class std::allocator<char> > const &,class std::locale const &)" (__imp_??0String@sf@@QAE@ABV?$basic_string@DU?$char_traits@D@std@@V?$allocator@D@2@@std@@ABVlocale@3@@Z) в функции "public: void __thiscall Engine::Run(void)" (?Run@Engine@@QAEXXZ)
Space Trip.obj : error LNK2019: ссылка на неразрешенный внешний символ "__declspec(dllimport) public: __thiscall sf::String::~String(void)" (__imp_??1String@sf@@QAE@XZ) в функции "public: void __thiscall Engine::Run(void)" (?Run@Engine@@QAEXXZ)
Space Trip.obj : error LNK2019: ссылка на неразрешенный внешний символ "__declspec(dllimport) public: __thiscall sf::VideoMode::VideoMode(unsigned int,unsigned int,unsigned int)" (__imp_??0VideoMode@sf@@QAE@III@Z) в функции "public: void __thiscall Engine::Run(void)" (?Run@Engine@@QAEXXZ)
Space Trip.obj : error LNK2019: ссылка на неразрешенный внешний символ "__declspec(dllimport) public: void __thiscall sf::Window::close(void)" (__imp_?close@Window@sf@@QAEXXZ) в функции "public: void __thiscall Engine::Run(void)" (?Run@Engine@@QAEXXZ)
Space Trip.obj : error LNK2019: ссылка на неразрешенный внешний символ "__declspec(dllimport) public: bool __thiscall sf::Window::isOpen(void)const " (__imp_?isOpen@Window@sf@@QBE_NXZ) в функции "public: void __thiscall Engine::Run(void)" (?Run@Engine@@QAEXXZ)
Space Trip.obj : error LNK2019: ссылка на неразрешенный внешний символ "__declspec(dllimport) public: bool __thiscall sf::Window::pollEvent(class sf::Event &)" (__imp_?pollEvent@Window@sf@@QAE_NAAVEvent@2@@Z) в функции "public: void __thiscall Engine::Run(void)" (?Run@Engine@@QAEXXZ)
Space Trip.obj : error LNK2019: ссылка на неразрешенный внешний символ "__declspec(dllimport) public: void __thiscall sf::Window::display(void)" (__imp_?display@Window@sf@@QAEXXZ) в функции "public: void __thiscall Engine::Run(void)" (?Run@Engine@@QAEXXZ)
Space Trip.obj : error LNK2019: ссылка на неразрешенный внешний символ "__declspec(dllimport) public: __thiscall sf::Color::Color(unsigned char,unsigned char,unsigned char,unsigned char)" (__imp_??0Color@sf@@QAE@EEEE@Z) в функции "public: void __thiscall Engine::Run(void)" (?Run@Engine@@QAEXXZ)
Space Trip.obj : error LNK2019: ссылка на неразрешенный внешний символ "__declspec(dllimport) public: void __thiscall sf::RenderTarget::clear(class sf::Color const &)" (__imp_?clear@RenderTarget@sf@@QAEXABVColor@2@@Z) в функции "public: void __thiscall Engine::Run(void)" (?Run@Engine@@QAEXXZ)
Space Trip.obj : error LNK2019: ссылка на неразрешенный внешний символ "__declspec(dllimport) public: __thiscall sf::RenderWindow::RenderWindow(class sf::VideoMode,class sf::String const &,unsigned int,struct sf::ContextSettings const &)" (__imp_??0RenderWindow@sf@@QAE@VVideoMode@1@ABVString@1@IABUContextSettings@1@@Z) в функции "public: void __thiscall Engine::Run(void)" (?Run@Engine@@QAEXXZ)
Space Trip.obj : error LNK2019: ссылка на неразрешенный внешний символ "__declspec(dllimport) public: virtual __thiscall sf::RenderWindow::~RenderWindow(void)" (__imp_??1RenderWindow@sf@@UAE@XZ) в функции "public: __thiscall Engine::~Engine(void)" (??1Engine@@QAE@XZ)
Space Trip.obj : error LNK2019: ссылка на неразрешенный внешний символ "class Engine __cdecl engine(void)" (?engine@@YA?AVEngine@@XZ) в функции _main
Space Trip.obj : error LNK2019: ссылка на неразрешенный внешний символ "class Menu * __cdecl menu(void)" (?menu@@YAPAVMenu@@XZ) в функции _main
D:\Project\Space Trip\Space Trip\Debug\Space Trip.exe : fatal error LNK1120: неразрешенных внешних элементов: 16
